#
# A fatal error has been detected by the Java Runtime Environment:
#
#  Internal Error (javaCalls.cpp:51), pid=14048, tid=0x0000000000004128
#  guarantee(thread->is_Java_thread()) failed: crucial check - the VM thread cannot and must not escape to Java code
#
# JRE version: Java(TM) SE Runtime Environment (8.0_221-b11) (build 1.8.0_221-b11)
# Java VM: Java HotSpot(TM) 64-Bit Server VM (25.221-b11 mixed mode windows-amd64 compressed oops)
# Failed to write core dump. Minidumps are not enabled by default on client versions of Windows
#
# If you would like to submit a bug report, please visit:
#   http://bugreport.java.com/bugreport/crash.jsp
#

---------------  T H R E A D  ---------------

Current thread (0x00000000171c7800):  VMThread [stack: 0x0000000018250000,0x0000000018350000] [id=16680]

Stack: [0x0000000018250000,0x0000000018350000]
[error occurred during error reporting (printing stack bounds), id 0xc0000005]

Native frames: (J=compiled Java code, j=interpreted, Vv=VM code, C=native code)

VM_Operation (0x0000000018c8f3f0): GetOrSetLocal, mode: safepoint, requested by thread 0x000000001720d000


---------------  P R O C E S S  ---------------

Java Threads: ( => current thread )
  0x000000001908d000 JavaThread "Service Thread" daemon [_thread_blocked, id=9860, stack(0x0000000019590000,0x0000000019690000)]
  0x000000001900a000 JavaThread "C1 CompilerThread2" daemon [_thread_blocked, id=3076, stack(0x0000000019490000,0x0000000019590000)]
  0x0000000019009000 JavaThread "C2 CompilerThread1" daemon [_thread_blocked, id=8916, stack(0x0000000019390000,0x0000000019490000)]
  0x0000000019008800 JavaThread "C2 CompilerThread0" daemon [_thread_blocked, id=11036, stack(0x0000000019290000,0x0000000019390000)]
  0x000000001721c800 JavaThread "JDWP Command Reader" daemon [_thread_in_native, id=21260, stack(0x0000000018d90000,0x0000000018e90000)]
  0x000000001721b800 JavaThread "JDWP Event Helper Thread" daemon [_thread_blocked, id=7252, stack(0x0000000018c90000,0x0000000018d90000)]
  0x000000001720d000 JavaThread "JDWP Transport Listener: dt_socket" daemon [_thread_blocked, id=13940, stack(0x0000000018b90000,0x0000000018c90000)]
  0x0000000017202000 JavaThread "Attach Listener" daemon [_thread_blocked, id=6072, stack(0x0000000018750000,0x0000000018850000)]
  0x0000000017209000 JavaThread "Signal Dispatcher" daemon [_thread_blocked, id=18184, stack(0x0000000018650000,0x0000000018750000)]
  0x00000000171ea000 JavaThread "Finalizer" daemon [_thread_blocked, id=18128, stack(0x0000000018450000,0x0000000018550000)]
  0x00000000025f4000 JavaThread "Reference Handler" daemon [_thread_blocked, id=16832, stack(0x0000000018350000,0x0000000018450000)]
  0x0000000002504000 JavaThread "main" [_thread_blocked, id=10764, stack(0x00000000021d0000,0x00000000022d0000)]

Other Threads:
=>0x00000000171c7800 VMThread [stack: 0x0000000018250000,0x0000000018350000] [id=16680]
  0x00000000190e4000 WatcherThread [stack: 0x0000000019690000,0x0000000019790000] [id=11512]

VM state:at safepoint (normal execution)

VM Mutex/Monitor currently owned by a thread:  ([mutex/lock_event])
[0x0000000002501650] Threads_lock - owner thread: 0x00000000171c7800

heap address: 0x0000000081c00000, size: 2020 MB, Compressed Oops mode: 32-bit
Narrow klass base: 0x0000000000000000, Narrow klass shift: 3
Compressed class space size: 1073741824 Address: 0x0000000100000000

Heap:
 PSYoungGen      total 38400K, used 6710K [0x00000000d5f00000, 0x00000000d8980000, 0x0000000100000000)
  eden space 33280K, 20% used [0x00000000d5f00000,0x00000000d658da60,0x00000000d7f80000)
  from space 5120K, 0% used [0x00000000d8480000,0x00000000d8480000,0x00000000d8980000)
  to   space 5120K, 0% used [0x00000000d7f80000,0x00000000d7f80000,0x00000000d8480000)
 ParOldGen       total 87552K, used 0K [0x0000000081c00000, 0x0000000087180000, 0x00000000d5f00000)
  object space 87552K, 0% used [0x0000000081c00000,0x0000000081c00000,0x0000000087180000)
 Metaspace       used 4787K, capacity 4994K, committed 5248K, reserved 1056768K
  class space    used 513K, capacity 561K, committed 640K, reserved 1048576K

Card table byte_map: [0x0000000011a90000,0x0000000011e90000] byte_map_base: 0x0000000011682000

Marking Bits: (ParMarkBitMap*) 0x0000000074c75ce0
 Begin Bits: [0x0000000012540000, 0x00000000144d0000)
 End Bits:   [0x00000000144d0000, 0x0000000016460000)

Polling page: 0x00000000001f0000

CodeCache: size=245760Kb used=1424Kb max_used=1428Kb free=244335Kb
 bounds [0x00000000026d0000, 0x0000000002940000, 0x00000000116d0000]
 total_blobs=422 nmethods=139 adapters=204
 compilation: enabled

Compilation events (10 events):
Event: 133.236 Thread 0x000000001900a000 nmethod 135 0x0000000002831090 code [0x0000000002831240, 0x0000000002831990]
Event: 133.236 Thread 0x000000001900a000  134       3       org.eclipse.jdt.launching.internal.org.objectweb.asm.Symbol::<init> (38 bytes)
Event: 133.236 Thread 0x000000001900a000 nmethod 134 0x0000000002831dd0 code [0x0000000002831f20, 0x0000000002832130]
Event: 133.236 Thread 0x000000001900a000  136       3       org.eclipse.jdt.launching.internal.org.objectweb.asm.ClassReader::readLabel (20 bytes)
Event: 133.236 Thread 0x000000001900a000 nmethod 136 0x0000000002832210 code [0x00000000028323a0, 0x00000000028327d0]
Event: 133.238 Thread 0x0000000019008800 nmethod 137 0x0000000002835710 code [0x0000000002835860, 0x0000000002835958]
Event: 142.576 Thread 0x000000001900a000  139       3       org.eclipse.jdt.launching.internal.org.objectweb.asm.Label::resolve (219 bytes)
Event: 142.579 Thread 0x000000001900a000 nmethod 139 0x0000000002834a50 code [0x0000000002834c00, 0x0000000002835170]
Event: 142.579 Thread 0x000000001900a000  138       3       org.eclipse.jdt.launching.internal.org.objectweb.asm.MethodWriter::visitLabel (328 bytes)
Event: 142.581 Thread 0x000000001900a000 nmethod 138 0x0000000002833950 code [0x0000000002833b40, 0x0000000002834658]

GC Heap History (0 events):
No events

Deoptimization events (0 events):
No events

Classes redefined (5 events):
Event: 117.910 Thread 0x00000000171c7800 redefined class name=VowelsAndConsonants, count=1
Event: 124.433 Thread 0x00000000171c7800 redefined class name=VowelsAndConsonants, count=2
Event: 128.695 Thread 0x00000000171c7800 redefined class name=VowelsAndConsonants, count=3
Event: 133.237 Thread 0x00000000171c7800 redefined class name=VowelsAndConsonants, count=4
Event: 142.579 Thread 0x00000000171c7800 redefined class name=VowelsAndConsonants, count=5

Internal exceptions (2 events):
Event: 0.398 Thread 0x0000000002504000 Exception <a 'java/lang/NoSuchMethodError': Method sun.misc.Unsafe.defineClass(Ljava/lang/String;[BII)Ljava/lang/Class; name or signature does not match> (0x00000000d5f07cb8) thrown at [C:\re\workspace\8-2-build-windows-amd64-cygwin\jdk8u221\13320\hotspot
Event: 0.399 Thread 0x0000000002504000 Exception <a 'java/lang/NoSuchMethodError': Method sun.misc.Unsafe.prefetchRead(Ljava/lang/Object;J)V name or signature does not match> (0x00000000d5f07fa0) thrown at [C:\re\workspace\8-2-build-windows-amd64-cygwin\jdk8u221\13320\hotspot\src\share\vm\prim

Events (10 events):
Event: 142.579 Executing VM operation: RedefineClasses done
Event: 142.589 Executing VM operation: ChangeBreakpoints
Event: 142.590 Executing VM operation: ChangeBreakpoints done
Event: 142.591 Executing VM operation: ChangeBreakpoints
Event: 142.591 Executing VM operation: ChangeBreakpoints done
Event: 142.666 Executing VM operation: GetOwnedMonitorInfo
Event: 142.667 Executing VM operation: GetOwnedMonitorInfo done
Event: 142.667 Executing VM operation: GetCurrentContendedMonitor
Event: 142.667 Executing VM operation: GetCurrentContendedMonitor done
Event: 146.569 Executing VM operation: GetOrSetLocal


Dynamic libraries:
0x00007ff7382b0000 - 0x00007ff7382e7000 	C:\Program Files\Java\jre1.8.0_221\bin\javaw.exe
0x00007ff97f0b0000 - 0x00007ff97f29d000 	C:\WINDOWS\SYSTEM32\ntdll.dll
0x00007ff97eb60000 - 0x00007ff97ec13000 	C:\WINDOWS\System32\KERNEL32.DLL
0x00007ff97b960000 - 0x00007ff97bbf3000 	C:\WINDOWS\System32\KERNELBASE.dll
0x00007ff97c370000 - 0x00007ff97c413000 	C:\WINDOWS\System32\ADVAPI32.dll
0x00007ff97c2d0000 - 0x00007ff97c36e000 	C:\WINDOWS\System32\msvcrt.dll
0x00007ff97ecf0000 - 0x00007ff97ed8e000 	C:\WINDOWS\System32\sechost.dll
0x00007ff97dcc0000 - 0x00007ff97dde2000 	C:\WINDOWS\System32\RPCRT4.dll
0x00007ff97e340000 - 0x00007ff97e4d7000 	C:\WINDOWS\System32\USER32.dll
0x00007ff97b1f0000 - 0x00007ff97b210000 	C:\WINDOWS\System32\win32u.dll
0x00007ff97ecc0000 - 0x00007ff97ece9000 	C:\WINDOWS\System32\GDI32.dll
0x00007ff97bf50000 - 0x00007ff97c0e9000 	C:\WINDOWS\System32\gdi32full.dll
0x00007ff97bca0000 - 0x00007ff97bd40000 	C:\WINDOWS\System32\msvcp_win.dll
0x00007ff97be50000 - 0x00007ff97bf4a000 	C:\WINDOWS\System32\ucrtbase.dll
0x00007ff961510000 - 0x00007ff961789000 	C:\WINDOWS\WinSxS\amd64_microsoft.windows.common-controls_6595b64144ccf1df_6.0.17763.737_none_05b6437c071e554b\COMCTL32.dll
0x00007ff97dfa0000 - 0x00007ff97e2cc000 	C:\WINDOWS\System32\combase.dll
0x00007ff97bc20000 - 0x00007ff97bc9e000 	C:\WINDOWS\System32\bcryptPrimitives.dll
0x00007ff97c5a0000 - 0x00007ff97c5ce000 	C:\WINDOWS\System32\IMM32.DLL
0x0000000076050000 - 0x0000000076122000 	C:\Program Files\Java\jre1.8.0_221\bin\msvcr100.dll
0x0000000074450000 - 0x0000000074cf5000 	C:\Program Files\Java\jre1.8.0_221\bin\server\jvm.dll
0x00007ff97ec20000 - 0x00007ff97ec28000 	C:\WINDOWS\System32\PSAPI.DLL
0x00007ff966180000 - 0x00007ff966189000 	C:\WINDOWS\SYSTEM32\WSOCK32.dll
0x00007ff978610000 - 0x00007ff978634000 	C:\WINDOWS\SYSTEM32\WINMM.dll
0x00007ff97e2d0000 - 0x00007ff97e33d000 	C:\WINDOWS\System32\WS2_32.dll
0x00007ff96d1b0000 - 0x00007ff96d1ba000 	C:\WINDOWS\SYSTEM32\VERSION.dll
0x00007ff9785e0000 - 0x00007ff97860d000 	C:\WINDOWS\SYSTEM32\WINMMBASE.dll
0x00007ff97b1a0000 - 0x00007ff97b1ea000 	C:\WINDOWS\System32\cfgmgr32.dll
0x00007ff9638f0000 - 0x00007ff9638ff000 	C:\Program Files\Java\jre1.8.0_221\bin\verify.dll
0x00007ff9467e0000 - 0x00007ff946809000 	C:\Program Files\Java\jre1.8.0_221\bin\java.dll
0x00007ff959990000 - 0x00007ff9599c5000 	C:\Program Files\Java\jre1.8.0_221\bin\jdwp.dll
0x00007ff96e480000 - 0x00007ff96e488000 	C:\Program Files\Java\jre1.8.0_221\bin\npt.dll
0x00007ff9596d0000 - 0x00007ff9596f3000 	C:\Program Files\Java\jre1.8.0_221\bin\instrument.dll
0x00007ff946160000 - 0x00007ff946176000 	C:\Program Files\Java\jre1.8.0_221\bin\zip.dll
0x00007ff97c630000 - 0x00007ff97db22000 	C:\WINDOWS\System32\SHELL32.dll
0x00007ff97c430000 - 0x00007ff97c4d8000 	C:\WINDOWS\System32\shcore.dll
0x00007ff97b210000 - 0x00007ff97b95a000 	C:\WINDOWS\System32\windows.storage.dll
0x00007ff97b120000 - 0x00007ff97b144000 	C:\WINDOWS\System32\profapi.dll
0x00007ff97b0c0000 - 0x00007ff97b11d000 	C:\WINDOWS\System32\powrprof.dll
0x00007ff97db30000 - 0x00007ff97db82000 	C:\WINDOWS\System32\shlwapi.dll
0x00007ff97b0a0000 - 0x00007ff97b0b1000 	C:\WINDOWS\System32\kernel.appcore.dll
0x00007ff97bc00000 - 0x00007ff97bc17000 	C:\WINDOWS\System32\cryptsp.dll
0x00007ff96dbc0000 - 0x00007ff96dbc9000 	C:\Program Files\Java\jre1.8.0_221\bin\dt_socket.dll
0x00007ff963370000 - 0x00007ff963386000 	C:\WINDOWS\system32\napinsp.dll
0x00007ff9621d0000 - 0x00007ff9621ea000 	C:\WINDOWS\system32\pnrpnsp.dll
0x00007ff97a5a0000 - 0x00007ff97a607000 	C:\WINDOWS\System32\mswsock.dll
0x00007ff97a310000 - 0x00007ff97a3d6000 	C:\WINDOWS\SYSTEM32\DNSAPI.dll
0x00007ff97c420000 - 0x00007ff97c428000 	C:\WINDOWS\System32\NSI.dll
0x00007ff97a2c0000 - 0x00007ff97a2fd000 	C:\WINDOWS\SYSTEM32\IPHLPAPI.DLL
0x00007ff962110000 - 0x00007ff96211e000 	C:\WINDOWS\System32\winrnr.dll
0x00007ff976b60000 - 0x00007ff976b7b000 	C:\WINDOWS\system32\NLAapi.dll
0x00007ff970940000 - 0x00007ff970955000 	C:\WINDOWS\system32\wshbth.dll
0x00007ff971960000 - 0x00007ff9719d9000 	C:\WINDOWS\System32\fwpuclnt.dll
0x00007ff97b170000 - 0x00007ff97b196000 	C:\WINDOWS\System32\bcrypt.dll
0x00007ff96a720000 - 0x00007ff96a72a000 	C:\Windows\System32\rasadhlp.dll

VM Arguments:
jvm_args: -agentlib:jdwp=transport=dt_socket,suspend=y,address=localhost:51859 -javaagent:C:\Eclipse\configuration\org.eclipse.osgi\409\0\.cp\lib\javaagent-shaded.jar -Dfile.encoding=Cp1252 
java_command: VowelsAndConsonants
java_class_path (initial): C:\Users\shubham.shivhare\eclipse-workspace\BasicFunda\bin;C:\Jars\spring-framework-5.1.4.RELEASE-dist\spring-framework-5.1.4.RELEASE\libs\spring-aop-5.1.4.RELEASE.jar;C:\Jars\spring-framework-5.1.4.RELEASE-dist\spring-framework-5.1.4.RELEASE\libs\spring-aspects-5.1.4.RELEASE.jar;C:\Jars\spring-framework-5.1.4.RELEASE-dist\spring-framework-5.1.4.RELEASE\libs\spring-beans-5.1.4.RELEASE.jar;C:\Jars\spring-framework-5.1.4.RELEASE-dist\spring-framework-5.1.4.RELEASE\libs\spring-context-5.1.4.RELEASE.jar;C:\Jars\spring-framework-5.1.4.RELEASE-dist\spring-framework-5.1.4.RELEASE\libs\spring-context-support-5.1.4.RELEASE.jar;C:\Jars\spring-framework-5.1.4.RELEASE-dist\spring-framework-5.1.4.RELEASE\libs\spring-core-5.1.4.RELEASE.jar;C:\Jars\spring-framework-5.1.4.RELEASE-dist\spring-framework-5.1.4.RELEASE\libs\spring-expression-5.1.4.RELEASE.jar;C:\Jars\spring-framework-5.1.4.RELEASE-dist\spring-framework-5.1.4.RELEASE\libs\spring-instrument-5.1.4.RELEASE.jar;C:\Jars\spring-framework-5.1.4.RELEASE-dist\spring-framework-5.1.4.RELEASE\libs\spring-jcl-5.1.4.RELEASE.jar;C:\Jars\spring-framework-5.1.4.RELEASE-dist\spring-framework-5.1.4.RELEASE\libs\spring-jdbc-5.1.4.RELEASE.jar;C:\Jars\spring-framework-5.1.4.RELEASE-dist\spring-framework-5.1.4.RELEASE\libs\spring-jms-5.1.4.RELEASE.jar;C:\Jars\spring-framework-5.1.4.RELEASE-dist\spring-framework-5.1.4.RELEASE\libs\spring-messaging-5.1.4.RELEASE.jar;C:\Jars\spring-framework-5.1.4.RELEASE-dist\spring-framework-5.1.4.RELEASE\libs\spring-orm-5.1.4.RELEASE.jar;C:\Jars\spring-framework-5.1.4.RELEASE-dist\spring-framework-5.1.4.RELEASE\libs\spring-oxm-5.1.4.RELEASE.jar;C:\Jars\spring-framework-5.1.4.RELEASE-dist\spring-framework-5.1.4.RELEASE\libs\spring-test-5.1.4.RELEASE.jar;C:\Jars\spring-framework-5.1.4.RELEASE-dist\spring-framework-5.1.4.RELEASE\libs\spring-tx-5.1.4.RELEASE.jar;C:\Jars\spring-framework-5.1.4.RELEASE-dist\spring-framework-5.1.4.RELEASE\libs\spring-web-5.1.4.RELEASE.jar;C:\Jars\spring-
Launcher Type: SUN_STANDARD

Environment Variables:
JAVA_HOME=C:\Java\jdk1.8.0_121
PATH=C:/Program Files/Java/jre1.8.0_221/bin/server;C:/Program Files/Java/jre1.8.0_221/bin;C:/Program Files/Java/jre1.8.0_221/lib/amd64;C:\Program Files (x86)\Common Files\Oracle\Java\javapath;C:\windowsC:\windows\system32C:\windows\System32\WbemC:\windows\System32\WindowsPowerShell\v1.0\;C:\windows;C:\windows\system32;C:\windows\System32\Wbem;C:\windows\System32\WindowsPowerShell\v1.0\;C:\oraclexe\app\oracle\product\11.2.0\server\bin\;C:\WINDOWS\system32;C:\WINDOWS;C:\WINDOWS\System32\Wbem;C:\WINDOWS\System32\WindowsPowerShell\v1.0\;C:\Users\shubham.shivhare\AppData\Local\Programs\Python\Python37;C:\Users\shubham.shivhare\AppData\Local\Programs\Python\Python37\Scripts;C:\Program Files (x86)\Webex\Webex\Applications;C:\instantclient\instantclient_18_5\;C:\apache-ant-1.10.6\bin;C:\Program Files\TortoiseGit\bin;%SystemRoot%\system32;%SystemRoot%;%SystemRoot%\System32\Wbem;%SYSTEMROOT%\System32\WindowsPowerShell\v1.0\;%SYSTEMROOT%\System32\OpenSSH\;C:\Users\shubham.shivhare\AppData\Local\Programs\Python\Python37\Scripts\;C:\Users\shubham.shivhare\AppData\Local\Programs\Python\Python37\;C:\Users\shubham.shivhare\AppData\Local\Microsoft\WindowsApps;C:\Users\shubham.shivhare\AppData\Local\Programs\Git\cmd;C:\Users\shubham.shivhare\AppData\Local\atom\bin;%USERPROFILE%\AppData\Local\Microsoft\WindowsApps;;C:\Eclipse;
USERNAME=shubham.shivhare
OS=Windows_NT
PROCESSOR_IDENTIFIER=Intel64 Family 6 Model 142 Stepping 9, GenuineIntel



---------------  S Y S T E M  ---------------

OS: Windows 10.0 , 64 bit Build 17763 (10.0.17763.475)

CPU:total 4 (initial active 4) (2 cores per cpu, 2 threads per core) family 6 model 142 stepping 9, cmov, cx8, fxsr, mmx, sse, sse2, sse3, ssse3, sse4.1, sse4.2, popcnt, avx, avx2, aes, clmul, erms, rtm, 3dnowpref, lzcnt, ht, tsc, tscinvbit, bmi1, bmi2, adx

Memory: 4k page, physical 8267884k(2057560k free), swap 12986476k(3451604k free)

vm_info: Java HotSpot(TM) 64-Bit Server VM (25.221-b11) for windows-amd64 JRE (1.8.0_221-b11), built on Jul  4 2019 04:39:29 by "java_re" with MS VC++ 10.0 (VS2010)

time: Tue Oct 08 15:49:29 2019
timezone: Eastern Daylight Time
elapsed time: 146 seconds (0d 0h 2m 26s)

